
----------------------------------------------------------------------
You are currently not using:

    Rscript --vanilla

(otherwise, this profile wouldn't have been loaded)

It is highly recommended to use Rscript --vanilla, because it makes
the job more self-contained and thus reproducible.
----------------------------------------------------------------------

-- Attaching core tidyverse packages ------------------------ tidyverse 2.0.0 --
v dplyr     1.1.2     v readr     2.1.4
v forcats   1.0.0     v stringr   1.5.0
v ggplot2   3.4.2     v tibble    3.2.1
v lubridate 1.9.2     v tidyr     1.3.0
v purrr     1.0.1     
-- Conflicts ------------------------------------------ tidyverse_conflicts() --
x dplyr::filter() masks stats::filter()
x dplyr::lag()    masks stats::lag()
i Use the conflicted package (<http://conflicted.r-lib.org/>) to force all conflicts to become errors
Loading required package: sp
The legacy packages maptools, rgdal, and rgeos, underpinning this package
will retire shortly. Please refer to R-spatial evolution reports on
https://r-spatial.org/r/2023/05/15/evolution4.html for details.
This package is now running under evolution status 0 

Attaching package: 'raster'

The following object is masked from 'package:dplyr':

    select

biomod2 4.2-2 loaded.
 /!\ Since version 4.2 biomod2 relies on terra and may thus return SpatRaster that can easily be converted in RasterStack with `stack()`. We apologize for the trouble @('_')@
Loading required package: foreach

Attaching package: 'foreach'

The following objects are masked from 'package:purrr':

    accumulate, when

Loading required package: iterators
Rows: 23 Columns: 1
-- Column specification --------------------------------------------------------
Delimiter: ","
chr (1): SpeciesID

i Use `spec()` to retrieve the full column specification for this data.
i Specify the column types or set `show_col_types = FALSE` to quiet this message.
Warning message:
In normalizePath(sub("maxent.jar", "", MAXENT$path_to_maxent.jar)) :
  path[1]="/work/zeiss/-40972251/_results": No such file or directory
Error in paste0(input_dir, "/_intermediates/BIOMOD_data/", Taxon_name,  : 
  object 'spID' not found
Calls: load -> paste0
Execution halted
